Base path: 'C:/Program Files/Unity/Hub/Editor/2019.3.15f1/Editor/Data', plugins path 'C:/Program Files/Unity/Hub/Editor/2019.3.15f1/Editor/Data/PlaybackEngines'
Cmd: initializeCompiler
Cmd: compileComputeKernel
  error: 2 plat 9 at (17): failed to open source file: 'Packages/com.unity.render-pipelines.high-definition/Runtime/VFXGraph/Shaders/VFXDefines.hlsl'
  api=9 insize=7533 outsize=0 ok=0
Cmd: compileComputeKernel
  error: 2 plat 4 at Bonfire.vfx(17): failed to open source file: 'Packages/com.unity.render-pipelines.high-definition/Runtime/VFXGraph/Shaders/VFXDefines.hlsl'
  api=4 insize=8426 outsize=0 ok=0
Cmd: compileComputeKernel
  error: 2 plat 9 at (18): failed to open source file: 'Packages/com.unity.render-pipelines.high-definition/Runtime/VFXGraph/Shaders/VFXDefines.hlsl'
  api=9 insize=10799 outsize=0 ok=0
Cmd: compileComputeKernel
  error: 2 plat 9 at (11): failed to open source file: 'Packages/com.unity.render-pipelines.high-definition/Runtime/VFXGraph/Shaders/VFXDefines.hlsl'
  api=9 insize=1911 outsize=0 ok=0
Cmd: compileComputeKernel
  error: 2 plat 9 at (17): failed to open source file: 'Packages/com.unity.render-pipelines.high-definition/Runtime/VFXGraph/Shaders/VFXDefines.hlsl'
  api=9 insize=7275 outsize=0 ok=0
Cmd: compileComputeKernel
  error: 2 plat 9 at (18): failed to open source file: 'Packages/com.unity.render-pipelines.high-definition/Runtime/VFXGraph/Shaders/VFXDefines.hlsl'
  api=9 insize=6467 outsize=0 ok=0
Cmd: compileComputeKernel
  error: 2 plat 9 at (18): failed to open source file: 'Packages/com.unity.render-pipelines.high-definition/Runtime/VFXGraph/Shaders/VFXDefines.hlsl'
  api=9 insize=30990 outsize=0 ok=0
Cmd: compileComputeKernel
  error: 2 plat 9 at (20): failed to open source file: 'Packages/com.unity.render-pipelines.high-definition/Runtime/VFXGraph/Shaders/VFXDefines.hlsl'
  api=9 insize=6330 outsize=0 ok=0

Quitting shader compiler process
