Base path: 'C:/Program Files/Unity/Hub/Editor/2019.3.15f1/Editor/Data', plugins path 'C:/Program Files/Unity/Hub/Editor/2019.3.15f1/Editor/Data/PlaybackEngines'
Cmd: initializeCompiler
Cmd: compileComputeKernel
  error: 1 plat 4 at Fireworks.vfx(160): 'i': loop control variable conflicts with a previous declaration in the outer scope; most recent declaration will be used
  error: 1 plat 4 at Fireworks.vfx(178): 'i': loop control variable conflicts with a previous declaration in the outer scope; most recent declaration will be used
  api=4 insize=8019 outsize=2234 ok=1
Cmd: compileComputeKernel
  error: 2 plat 9 at (11): failed to open source file: 'Packages/com.unity.render-pipelines.high-definition/Runtime/VFXGraph/Shaders/VFXDefines.hlsl'
  api=9 insize=1911 outsize=0 ok=0
Cmd: compileComputeKernel
  error: 2 plat 9 at (15): failed to open source file: 'Packages/com.unity.render-pipelines.high-definition/Runtime/VFXGraph/Shaders/VFXDefines.hlsl'
  api=9 insize=7709 outsize=0 ok=0
Cmd: compileComputeKernel
  error: 2 plat 18 at (21): failed to open source file: 'Packages/com.unity.render-pipelines.high-definition/Runtime/VFXGraph/Shaders/VFXDefines.hlsl'
  api=18 insize=9417 outsize=0 ok=0
Cmd: compileComputeKernel
  error: 2 plat 18 at (15): failed to open source file: 'Packages/com.unity.render-pipelines.high-definition/Runtime/VFXGraph/Shaders/VFXDefines.hlsl'
  api=18 insize=6525 outsize=0 ok=0
Cmd: compileComputeKernel
  error: 2 plat 4 at Lightning.vfx(16): failed to open source file: 'Packages/com.unity.render-pipelines.high-definition/Runtime/VFXGraph/Shaders/VFXDefines.hlsl'
  api=4 insize=17415 outsize=0 ok=0
Cmd: compileComputeKernel
  error: 2 plat 4 at Lightning.vfx(17): failed to open source file: 'Packages/com.unity.render-pipelines.high-definition/Runtime/VFXGraph/Shaders/VFXDefines.hlsl'
  api=4 insize=30990 outsize=0 ok=0
Cmd: compileComputeKernel
  error: 2 plat 9 at (18): failed to open source file: 'Packages/com.unity.render-pipelines.high-definition/Runtime/VFXGraph/Shaders/VFXDefines.hlsl'
  api=9 insize=10102 outsize=0 ok=0
