Base path: 'C:/Program Files/Unity/Hub/Editor/2019.3.15f1/Editor/Data', plugins path 'C:/Program Files/Unity/Hub/Editor/2019.3.15f1/Editor/Data/PlaybackEngines'
Cmd: initializeCompiler
Cmd: compileComputeKernel
  error: 2 plat 4 at Sparks.vfx(20): failed to open source file: 'Packages/com.unity.render-pipelines.high-definition/Runtime/VFXGraph/Shaders/VFXDefines.hlsl'
  api=4 insize=9417 outsize=0 ok=0
Cmd: compileComputeKernel
  error: 2 plat 18 at (11): failed to open source file: 'Packages/com.unity.render-pipelines.high-definition/Runtime/VFXGraph/Shaders/VFXDefines.hlsl'
  api=18 insize=1911 outsize=0 ok=0
Cmd: compileComputeKernel
  error: 2 plat 18 at (18): failed to open source file: 'Packages/com.unity.render-pipelines.high-definition/Runtime/VFXGraph/Shaders/VFXDefines.hlsl'
  api=18 insize=10799 outsize=0 ok=0
Cmd: compileComputeKernel
  error: 2 plat 9 at (21): failed to open source file: 'Packages/com.unity.render-pipelines.high-definition/Runtime/VFXGraph/Shaders/VFXDefines.hlsl'
  api=9 insize=11255 outsize=0 ok=0
Cmd: compileComputeKernel
  error: 2 plat 4 at Sparks.vfx(14): failed to open source file: 'Packages/com.unity.render-pipelines.high-definition/Runtime/VFXGraph/Shaders/VFXDefines.hlsl'
  api=4 insize=7628 outsize=0 ok=0
Cmd: compileComputeKernel
  error: 2 plat 4 at Flames.vfx(14): failed to open source file: 'Packages/com.unity.render-pipelines.high-definition/Runtime/VFXGraph/Shaders/VFXDefines.hlsl'
  api=4 insize=6525 outsize=0 ok=0
Cmd: compileComputeKernel
  error: 2 plat 4 at Lightning.vfx(17): failed to open source file: 'Packages/com.unity.render-pipelines.high-definition/Runtime/VFXGraph/Shaders/VFXDefines.hlsl'
  api=4 insize=6467 outsize=0 ok=0
Cmd: compileComputeKernel
  error: 2 plat 9 at (18): failed to open source file: 'Packages/com.unity.render-pipelines.high-definition/Runtime/VFXGraph/Shaders/VFXDefines.hlsl'
  api=9 insize=7246 outsize=0 ok=0
Cmd: compileComputeKernel
  error: 2 plat 4 at Lightning.vfx(17): failed to open source file: 'Packages/com.unity.render-pipelines.high-definition/Runtime/VFXGraph/Shaders/VFXDefines.hlsl'
  api=4 insize=10102 outsize=0 ok=0
